<?xml version="1.0" encoding="UTF-8"?>
<testng-results ignored="0" total="1" passed="1" failed="0" skipped="0">
  <reporter-output>
  </reporter-output>
  <suite started-at="2019-09-18T20:30:50Z" name="com.ibm.cloud.mysdk.test.SdkCommonTest" finished-at="2019-09-18T20:30:50Z" duration-ms="29">
    <groups>
    </groups>
    <test started-at="2019-09-18T20:30:50Z" name="Command line test" finished-at="2019-09-18T20:30:50Z" duration-ms="29">
      <class name="com.ibm.cloud.mysdk.test.SdkCommonTest">
        <test-method signature="testGetSdkHeaders()[pri:0, instance:com.ibm.cloud.mysdk.test.SdkCommonTest@49fc609f]" started-at="2019-09-18T20:30:50Z" name="testGetSdkHeaders" finished-at="2019-09-18T20:30:50Z" duration-ms="17" status="PASS">
          <reporter-output>
          </reporter-output>
        </test-method> <!-- testGetSdkHeaders -->
      </class> <!-- com.ibm.cloud.mysdk.test.SdkCommonTest -->
    </test> <!-- Command line test -->
  </suite> <!-- com.ibm.cloud.mysdk.test.SdkCommonTest -->
</testng-results>
